<?xml version="1.0" encoding="UTF-8"?>
<!-- Generated by org.testng.reporters.JUnitReportReporter -->
<testsuite hostname="DESKTOP-CUCO8IJ" failures="0" tests="1" name="com.lao.non_BBD.rest_assured.Serailization" time="3.776" errors="0" timestamp="2023-01-02T19:33:57 IST" skipped="0">
  <testcase classname="com.lao.non_BBD.rest_assured.Serailization" name="Serailization" time="3.776"/>
  <system-out/>
</testsuite> <!-- com.lao.non_BBD.rest_assured.Serailization -->
