<?xml version="1.0" encoding="UTF-8"?>
<!-- Generated by org.testng.reporters.JUnitReportReporter -->
<testsuite hostname="DESKTOP-CUCO8IJ" failures="0" tests="4" name="com.lao.BBD.rest_assured.GetAllEmployees" time="3.153" errors="0" timestamp="2023-01-21T16:33:58 IST" skipped="3">
  <testcase classname="com.lao.BBD.rest_assured.GetAllEmployees" name="getAllEmployeesBBD" time="3.153"/>
  <system-out/>
  <testcase classname="com.lao.BBD.rest_assured.GetAllEmployees" name="createEmployeeFromJson">
    <skipped/>
  </testcase> <!-- createEmployeeFromJson -->
  <system-out/>
  <testcase classname="com.lao.BBD.rest_assured.GetAllEmployees" name="putAllEmployeesBBD">
    <skipped/>
  </testcase> <!-- putAllEmployeesBBD -->
  <system-out/>
  <testcase classname="com.lao.BBD.rest_assured.GetAllEmployees" name="postAllEmployeesBBD">
    <skipped/>
  </testcase> <!-- postAllEmployeesBBD -->
  <system-out/>
</testsuite> <!-- com.lao.BBD.rest_assured.GetAllEmployees -->
