<?xml version="1.0" encoding="UTF-8"?>
<!-- Generated by org.testng.reporters.JUnitReportReporter -->
<testsuite hostname="DESKTOP-CUCO8IJ" failures="0" tests="1" name="com.lao.authorization.BearerToken" time="4.135" errors="0" timestamp="2023-01-09T16:36:05 IST" skipped="0">
  <testcase classname="com.lao.authorization.BearerToken" name="bearerT" time="4.135"/>
  <system-out/>
</testsuite> <!-- com.lao.authorization.BearerToken -->
