<?xml version="1.0" encoding="UTF-8"?>
<!-- Generated by org.testng.reporters.JUnitReportReporter -->
<testsuite hostname="DESKTOP-CUCO8IJ" failures="0" tests="2" name="com.lao.jsonpath.FilterPredicateExample" time="0.196" errors="0" timestamp="2023-01-06T22:48:09 IST" skipped="1">
  <testcase classname="com.lao.jsonpath.FilterPredicateExample" name="usingsecondfilterpredcate" time="0.196"/>
  <system-out/>
  <testcase classname="com.lao.jsonpath.FilterPredicateExample" name="FfiterPredicate">
    <skipped/>
  </testcase> <!-- FfiterPredicate -->
  <system-out/>
</testsuite> <!-- com.lao.jsonpath.FilterPredicateExample -->
