<?xml version="1.0" encoding="UTF-8"?>
<!-- Generated by org.testng.reporters.JUnitReportReporter -->
<testsuite hostname="DESKTOP-CUCO8IJ" failures="0" tests="1" name="com.lao.pojo.deserialization.UsingAsFunction" time="3.471" errors="0" timestamp="2023-01-08T14:05:25 IST" skipped="0">
  <testcase classname="com.lao.pojo.deserialization.UsingAsFunction" name="usingasFunction" time="3.471"/>
  <system-out/>
</testsuite> <!-- com.lao.pojo.deserialization.UsingAsFunction -->
