<?xml version="1.0" encoding="UTF-8"?>
<!-- Generated by org.testng.reporters.JUnitReportReporter -->
<testsuite hostname="DESKTOP-CUCO8IJ" failures="0" tests="1" name="com.lao.pojo.deserialization.UsingRestAssured" time="2.100" errors="0" timestamp="2023-01-07T23:59:47 IST" skipped="0">
  <testcase classname="com.lao.pojo.deserialization.UsingRestAssured" name="usingRAJsonPath" time="2.100"/>
  <system-out/>
</testsuite> <!-- com.lao.pojo.deserialization.UsingRestAssured -->
