<?xml version="1.0" encoding="UTF-8"?>
<!-- Generated by org.testng.reporters.JUnitReportReporter -->
<testsuite hostname="DESKTOP-CUCO8IJ" failures="0" tests="1" name="com.lao.authorization.BasicAuth" time="3.594" errors="0" timestamp="2023-01-09T14:51:30 IST" skipped="0">
  <testcase classname="com.lao.authorization.BasicAuth" name="basicauth" time="3.594"/>
  <system-out/>
</testsuite> <!-- com.lao.authorization.BasicAuth -->
