<?xml version="1.0" encoding="UTF-8"?>
<!-- Generated by org.testng.reporters.JUnitReportReporter -->
<testsuite hostname="DESKTOP-CUCO8IJ" failures="0" tests="4" name="com.lao.rest_assured.SampleGetAllEmployee" time="3.248" errors="0" timestamp="2023-01-02T11:44:57 IST" skipped="3">
  <testcase classname="com.lao.rest_assured.SampleGetAllEmployee" name="deleteAllEmployees" time="3.248"/>
  <system-out/>
  <testcase classname="com.lao.rest_assured.SampleGetAllEmployee" name="createAllEmloyees">
    <skipped/>
  </testcase> <!-- createAllEmloyees -->
  <system-out/>
  <testcase classname="com.lao.rest_assured.SampleGetAllEmployee" name="getAllEmloyees">
    <skipped/>
  </testcase> <!-- getAllEmloyees -->
  <system-out/>
  <testcase classname="com.lao.rest_assured.SampleGetAllEmployee" name="putAllEmployees">
    <skipped/>
  </testcase> <!-- putAllEmployees -->
  <system-out/>
</testsuite> <!-- com.lao.rest_assured.SampleGetAllEmployee -->
