<?xml version="1.0" encoding="UTF-8"?>
<!-- Generated by org.testng.reporters.JUnitReportReporter -->
<testsuite hostname="DESKTOP-CUCO8IJ" failures="0" tests="1" name="com.lao.json.schema.NetworkNTJsonSchemaValdator" time="0.498" errors="0" timestamp="2023-01-04T23:19:59 IST" skipped="0">
  <testcase classname="com.lao.json.schema.NetworkNTJsonSchemaValdator" name="validateJsonSchema" time="0.498"/>
  <system-out/>
</testsuite> <!-- com.lao.json.schema.NetworkNTJsonSchemaValdator -->
