<?xml version="1.0" encoding="UTF-8"?>
<!-- Generated by org.testng.reporters.JUnitReportReporter -->
<testsuite hostname="DESKTOP-CUCO8IJ" failures="0" tests="1" name="com.lao.pojo.deserialization.Deserialization" time="0.457" errors="0" timestamp="2023-01-07T23:03:41 IST" skipped="0">
  <testcase classname="com.lao.pojo.deserialization.Deserialization" name="UsingObjectMapper" time="0.457"/>
  <system-out/>
</testsuite> <!-- com.lao.pojo.deserialization.Deserialization -->
