<?xml version="1.0" encoding="UTF-8"?>
<!-- Generated by org.testng.reporters.JUnitReportReporter -->
<testsuite hostname="DESKTOP-CUCO8IJ" failures="0" tests="2" name="com.lao.BBD.rest_assured.RequsetSpecficationExample" time="2.015" errors="0" timestamp="2023-01-08T22:50:30 IST" skipped="0">
  <testcase classname="com.lao.BBD.rest_assured.RequsetSpecficationExample" name="getAnEmployeesBBD" time="0.114"/>
  <system-out/>
  <testcase classname="com.lao.BBD.rest_assured.RequsetSpecficationExample" name="getAllEmployeesBBD" time="1.901"/>
  <system-out/>
</testsuite> <!-- com.lao.BBD.rest_assured.RequsetSpecficationExample -->
