<?xml version="1.0" encoding="UTF-8"?>
<!-- Generated by org.testng.reporters.JUnitReportReporter -->
<testsuite hostname="DESKTOP-CUCO8IJ" failures="0" tests="1" name="com.lao.jsonpath.PredicateExample" time="0.187" errors="0" timestamp="2023-01-06T21:40:18 IST" skipped="0">
  <testcase classname="com.lao.jsonpath.PredicateExample" name="InLinePredicate" time="0.187"/>
  <system-out/>
</testsuite> <!-- com.lao.jsonpath.PredicateExample -->
