<?xml version="1.0" encoding="UTF-8"?>
<!-- Generated by org.testng.reporters.JUnitReportReporter -->
<testsuite hostname="DESKTOP-CUCO8IJ" failures="0" tests="1" name="com.lao.requestspecification.HowToGetHeadervalue" time="3.495" errors="0" timestamp="2023-01-09T21:20:23 IST" skipped="0">
  <testcase classname="com.lao.requestspecification.HowToGetHeadervalue" name="getheader" time="3.495"/>
  <system-out/>
</testsuite> <!-- com.lao.requestspecification.HowToGetHeadervalue -->
