<?xml version="1.0" encoding="UTF-8"?>
<!-- Generated by org.testng.reporters.JUnitReportReporter -->
<testsuite hostname="DESKTOP-CUCO8IJ" failures="0" tests="1" name="com.lao.jsonpath.CreateTheOwnPredicate" time="0.142" errors="0" timestamp="2023-01-07T09:09:44 IST" skipped="0">
  <testcase classname="com.lao.jsonpath.CreateTheOwnPredicate" name="ownpredcate" time="0.142"/>
  <system-out/>
</testsuite> <!-- com.lao.jsonpath.CreateTheOwnPredicate -->
