<?xml version="1.0" encoding="UTF-8"?>
<!-- Generated by org.testng.reporters.JUnitReportReporter -->
<testsuite hostname="DESKTOP-CUCO8IJ" failures="0" tests="1" name="com.lao.json.schema.RestAssuredJsonSchemaValidation" time="3.921" errors="0" timestamp="2023-01-04T22:06:25 IST" skipped="0">
  <testcase classname="com.lao.json.schema.RestAssuredJsonSchemaValidation" name="validionusingJsonSchemaClassPath" time="3.921"/>
  <system-out/>
</testsuite> <!-- com.lao.json.schema.RestAssuredJsonSchemaValidation -->
