<?xml version="1.0" encoding="UTF-8"?>
<!-- Generated by org.testng.reporters.JUnitReportReporter -->
<testsuite hostname="DESKTOP-CUCO8IJ" failures="0" tests="3" name="com.lao.jsonpath.ReadingAJsonDocoument" time="0.141" errors="0" timestamp="2023-01-06T12:39:27 IST" skipped="2">
  <testcase classname="com.lao.jsonpath.ReadingAJsonDocoument" name="fluentAPI" time="0.141"/>
  <system-out/>
  <testcase classname="com.lao.jsonpath.ReadingAJsonDocoument" name="readJsonParse">
    <skipped/>
  </testcase> <!-- readJsonParse -->
  <system-out/>
  <testcase classname="com.lao.jsonpath.ReadingAJsonDocoument" name="readJson">
    <skipped/>
  </testcase> <!-- readJson -->
  <system-out/>
</testsuite> <!-- com.lao.jsonpath.ReadingAJsonDocoument -->
